\BOOKMARK [0][-]{chapter.1}{\376\377\000n\000u\000l\000o\000c\000k\000s\000-\000c\000o\000r\000e}{}% 1
\BOOKMARK [0][-]{chapter.2}{\376\377\000N\000a\000m\000e\000s\000p\000a\000c\000e\000\040\000I\000n\000d\000e\000x}{}% 2
\BOOKMARK [1][-]{section.2.1}{\376\377\000N\000a\000m\000e\000s\000p\000a\000c\000e\000\040\000L\000i\000s\000t}{chapter.2}% 3
\BOOKMARK [0][-]{chapter.3}{\376\377\000C\000l\000a\000s\000s\000\040\000I\000n\000d\000e\000x}{}% 4
\BOOKMARK [1][-]{section.3.1}{\376\377\000C\000l\000a\000s\000s\000\040\000L\000i\000s\000t}{chapter.3}% 5
\BOOKMARK [0][-]{chapter.4}{\376\377\000F\000i\000l\000e\000\040\000I\000n\000d\000e\000x}{}% 6
\BOOKMARK [1][-]{section.4.1}{\376\377\000F\000i\000l\000e\000\040\000L\000i\000s\000t}{chapter.4}% 7
\BOOKMARK [0][-]{chapter.5}{\376\377\000N\000a\000m\000e\000s\000p\000a\000c\000e\000\040\000D\000o\000c\000u\000m\000e\000n\000t\000a\000t\000i\000o\000n}{}% 8
\BOOKMARK [1][-]{section.5.1}{\376\377\000N\000u\000l\000o\000c\000k\000s\000\040\000N\000a\000m\000e\000s\000p\000a\000c\000e\000\040\000R\000e\000f\000e\000r\000e\000n\000c\000e}{chapter.5}% 9
\BOOKMARK [2][-]{subsection.5.1.1}{\376\377\000D\000e\000t\000a\000i\000l\000e\000d\000\040\000D\000e\000s\000c\000r\000i\000p\000t\000i\000o\000n}{section.5.1}% 10
\BOOKMARK [1][-]{section.5.2}{\376\377\000N\000u\000l\000o\000c\000k\000s\000:\000:\000C\000o\000r\000e\000\040\000N\000a\000m\000e\000s\000p\000a\000c\000e\000\040\000R\000e\000f\000e\000r\000e\000n\000c\000e}{chapter.5}% 11
\BOOKMARK [2][-]{subsection.5.2.1}{\376\377\000D\000e\000t\000a\000i\000l\000e\000d\000\040\000D\000e\000s\000c\000r\000i\000p\000t\000i\000o\000n}{section.5.2}% 12
\BOOKMARK [0][-]{chapter.6}{\376\377\000C\000l\000a\000s\000s\000\040\000D\000o\000c\000u\000m\000e\000n\000t\000a\000t\000i\000o\000n}{}% 13
\BOOKMARK [1][-]{section.6.1}{\376\377\000N\000u\000l\000o\000c\000k\000s\000:\000:\000C\000o\000r\000e\000:\000:\000B\000l\000o\000c\000k\000\040\000C\000l\000a\000s\000s\000\040\000R\000e\000f\000e\000r\000e\000n\000c\000e}{chapter.6}% 14
\BOOKMARK [2][-]{subsection.6.1.1}{\376\377\000D\000e\000t\000a\000i\000l\000e\000d\000\040\000D\000e\000s\000c\000r\000i\000p\000t\000i\000o\000n}{section.6.1}% 15
\BOOKMARK [2][-]{subsection.6.1.2}{\376\377\000M\000e\000m\000b\000e\000r\000\040\000F\000u\000n\000c\000t\000i\000o\000n\000\040\000D\000o\000c\000u\000m\000e\000n\000t\000a\000t\000i\000o\000n}{section.6.1}% 16
\BOOKMARK [3][-]{subsubsection.6.1.2.1}{\376\377\000g\000e\000t\000L\000e\000v\000e\000l}{subsection.6.1.2}% 17
\BOOKMARK [3][-]{subsubsection.6.1.2.2}{\376\377\000g\000e\000t\000V\000a\000l\000u\000e}{subsection.6.1.2}% 18
\BOOKMARK [3][-]{subsubsection.6.1.2.3}{\376\377\000i\000s\000E\000m\000p\000t\000y}{subsection.6.1.2}% 19
\BOOKMARK [3][-]{subsubsection.6.1.2.4}{\376\377\000s\000e\000t\000L\000e\000v\000e\000l}{subsection.6.1.2}% 20
\BOOKMARK [3][-]{subsubsection.6.1.2.5}{\376\377\000w\000a\000s\000M\000o\000v\000e\000d}{subsection.6.1.2}% 21
\BOOKMARK [1][-]{section.6.2}{\376\377\000N\000u\000l\000o\000c\000k\000s\000:\000:\000C\000o\000r\000e\000:\000:\000B\000o\000a\000r\000d\000\040\000C\000l\000a\000s\000s\000\040\000R\000e\000f\000e\000r\000e\000n\000c\000e}{chapter.6}% 22
\BOOKMARK [2][-]{subsection.6.2.1}{\376\377\000D\000e\000t\000a\000i\000l\000e\000d\000\040\000D\000e\000s\000c\000r\000i\000p\000t\000i\000o\000n}{section.6.2}% 23
\BOOKMARK [2][-]{subsection.6.2.2}{\376\377\000C\000o\000n\000s\000t\000r\000u\000c\000t\000o\000r\000\040\000\046\000\040\000D\000e\000s\000t\000r\000u\000c\000t\000o\000r\000\040\000D\000o\000c\000u\000m\000e\000n\000t\000a\000t\000i\000o\000n}{section.6.2}% 24
\BOOKMARK [3][-]{subsubsection.6.2.2.1}{\376\377\000B\000o\000a\000r\000d}{subsection.6.2.2}% 25
\BOOKMARK [3][-]{subsubsection.6.2.2.2}{\376\377\000B\000o\000a\000r\000d}{subsection.6.2.2}% 26
\BOOKMARK [2][-]{subsection.6.2.3}{\376\377\000M\000e\000m\000b\000e\000r\000\040\000F\000u\000n\000c\000t\000i\000o\000n\000\040\000D\000o\000c\000u\000m\000e\000n\000t\000a\000t\000i\000o\000n}{section.6.2}% 27
\BOOKMARK [3][-]{subsubsection.6.2.3.1}{\376\377\000g\000a\000m\000e\000I\000n\000P\000r\000o\000g\000r\000e\000s\000s}{subsection.6.2.3}% 28
\BOOKMARK [3][-]{subsubsection.6.2.3.2}{\376\377\000g\000a\000m\000e\000L\000o\000s\000t}{subsection.6.2.3}% 29
\BOOKMARK [3][-]{subsubsection.6.2.3.3}{\376\377\000g\000a\000m\000e\000W\000o\000n}{subsection.6.2.3}% 30
\BOOKMARK [3][-]{subsubsection.6.2.3.4}{\376\377\000g\000e\000t\000R\000e\000p\000r\000e\000s\000e\000n\000t\000a\000t\000i\000o\000n}{subsection.6.2.3}% 31
\BOOKMARK [3][-]{subsubsection.6.2.3.5}{\376\377\000g\000e\000t\000S\000c\000o\000r\000e}{subsection.6.2.3}% 32
\BOOKMARK [3][-]{subsubsection.6.2.3.6}{\376\377\000g\000e\000t\000S\000i\000z\000e}{subsection.6.2.3}% 33
\BOOKMARK [3][-]{subsubsection.6.2.3.7}{\376\377\000g\000e\000t\000W\000i\000n\000P\000o\000w\000e\000r}{subsection.6.2.3}% 34
\BOOKMARK [0][-]{chapter.7}{\376\377\000F\000i\000l\000e\000\040\000D\000o\000c\000u\000m\000e\000n\000t\000a\000t\000i\000o\000n}{}% 35
\BOOKMARK [1][-]{section.7.1}{\376\377\000B\000l\000o\000c\000k\000.\000h\000\040\000F\000i\000l\000e\000\040\000R\000e\000f\000e\000r\000e\000n\000c\000e}{chapter.7}% 36
\BOOKMARK [2][-]{subsection.7.1.1}{\376\377\000D\000e\000t\000a\000i\000l\000e\000d\000\040\000D\000e\000s\000c\000r\000i\000p\000t\000i\000o\000n}{section.7.1}% 37
\BOOKMARK [1][-]{section.7.2}{\376\377\000B\000o\000a\000r\000d\000.\000h\000\040\000F\000i\000l\000e\000\040\000R\000e\000f\000e\000r\000e\000n\000c\000e}{chapter.7}% 38
\BOOKMARK [2][-]{subsection.7.2.1}{\376\377\000D\000e\000t\000a\000i\000l\000e\000d\000\040\000D\000e\000s\000c\000r\000i\000p\000t\000i\000o\000n}{section.7.2}% 39
\BOOKMARK [-1][-]{section*.12}{\376\377\000I\000n\000d\000e\000x}{}% 40
